2024-04-07 00:10:12.379||INFO||Success to run server
2024-04-07 00:10:12.392||INFO||Success to run client
2024-04-07 00:10:12.393||DEBUG||Start session||id:1776628479761285121
2024-04-07 00:10:12.393||INFO||new session||id:1776628479761154048
2024-04-07 00:10:12.394||INFO||On connected server||id:1776628479761285121
2024-04-07 00:10:12.394||DEBUG||Begin send async||id:1776628479761285121
2024-04-07 00:10:12.394||DEBUG||Start session||id:1776628479761154048
2024-04-07 00:10:12.394||DEBUG||Begin read async||id:1776628479761285121
2024-04-07 00:10:12.394||INFO||On connected client||id:1776628479761154048
2024-04-07 00:10:12.394||DEBUG||Begin read async||id:1776628479761154048
2024-04-07 00:10:12.394||DEBUG||Begin send async||id:1776628479761154048
2024-04-07 00:10:17.406||INFO||On recv message from client||id:1776628479761154048||msg:hello my name is echo client
2024-04-07 00:10:22.398||INFO||On recv message from server||id:1776628479761285121||msg:hello my name is echo client
2024-04-07 00:10:27.408||INFO||On recv message from client||id:1776628479761154048||msg:thanks!
2024-04-07 00:10:27.408||INFO||On recv message from server||id:1776628479761285121||msg:thanks!
2024-04-07 00:10:32.399||DEBUG||Stop session||id:1776628479761285121
2024-04-07 00:10:32.399||INFO||On recv message from client||id:1776628479761154048||msg:thanks!
2024-04-07 00:10:32.399||INFO||On disconnected server||id:1776628479761285121
2024-04-07 00:10:32.399||DEBUG||End send async||id:1776628479761285121
2024-04-07 00:10:32.399||ERROR||Failed to read||error:read tcp 127.0.0.1:59681->127.0.0.1:50000: use of closed network connection||id:1776628479761285121||c:/Users/smkk5/Desktop/Projects/gonetlib/session/session_tcp.go:86
2024-04-07 00:10:32.399||ERROR||Failed to read||error:EOF||id:1776628479761154048||c:/Users/smkk5/Desktop/Projects/gonetlib/session/session_tcp.go:86
2024-04-07 00:10:32.399||DEBUG||End read async||id:1776628479761285121
2024-04-07 00:10:41.207||DEBUG||End read async||id:1776628479761154048
2024-04-07 00:11:07.217||DEBUG||On release session||id:1776628479761285121
